<?xml version="1.0" encoding="UTF-8"?>
<robot generator="Robot 6.1.1 (Python 3.11.7 on win32)" generated="20231222 01:37:56.651" rpa="false" schemaversion="4">
<suite id="s1" name="Test-Suite" source="C:\Users\Lenovo\Desktop\TUGAS\basic-automation\test-web\test-suite.robot">
<test id="s1-t1" name="testcase-login-1" line="9">
<kw name="Open Browser" library="SeleniumLibrary">
<arg>http://localhost/Website-Simple-Data-Mahasiswa-Menggunakan-PHP-main/login.php</arg>
<arg>chrome</arg>
<doc>Opens a new browser instance to the optional ``url``.</doc>
<msg timestamp="20231222 01:37:56.951" level="INFO">Opening browser 'chrome' to base url 'http://localhost/Website-Simple-Data-Mahasiswa-Menggunakan-PHP-main/login.php'.</msg>
<status status="PASS" starttime="20231222 01:37:56.950" endtime="20231222 01:37:59.257"/>
</kw>
<kw name="Input Text" library="SeleniumLibrary">
<arg>name:username</arg>
<arg>admin</arg>
<doc>Types the given ``text`` into the text field identified by ``locator``.</doc>
<msg timestamp="20231222 01:37:59.260" level="INFO">Typing text 'admin' into text field 'name:username'.</msg>
<status status="PASS" starttime="20231222 01:37:59.259" endtime="20231222 01:37:59.481"/>
</kw>
<kw name="Input Text" library="SeleniumLibrary">
<arg>name:password</arg>
<arg>admin</arg>
<doc>Types the given ``text`` into the text field identified by ``locator``.</doc>
<msg timestamp="20231222 01:37:59.483" level="INFO">Typing text 'admin' into text field 'name:password'.</msg>
<status status="PASS" starttime="20231222 01:37:59.481" endtime="20231222 01:37:59.667"/>
</kw>
<kw name="Click Element" library="SeleniumLibrary">
<arg>xpath://button[@type='submit']</arg>
<doc>Click the element identified by ``locator``.</doc>
<msg timestamp="20231222 01:37:59.668" level="INFO">Clicking element 'xpath://button[@type='submit']'.</msg>
<status status="PASS" starttime="20231222 01:37:59.668" endtime="20231222 01:38:01.819"/>
</kw>
<kw name="Close Browser" library="SeleniumLibrary">
<doc>Closes the current browser.</doc>
<status status="PASS" starttime="20231222 01:38:01.819" endtime="20231222 01:38:04.028"/>
</kw>
<status status="PASS" starttime="20231222 01:37:56.948" endtime="20231222 01:38:04.029"/>
</test>
<test id="s1-t2" name="testcase-login-2" line="17">
<kw name="Open Browser" library="SeleniumLibrary">
<arg>http://127.0.0.1:8000</arg>
<arg>chrome</arg>
<doc>Opens a new browser instance to the optional ``url``.</doc>
<msg timestamp="20231222 01:38:04.033" level="INFO">Opening browser 'chrome' to base url 'http://127.0.0.1:8000'.</msg>
<msg timestamp="20231222 01:38:08.361" level="INFO" html="true">&lt;/td&gt;&lt;/tr&gt;&lt;tr&gt;&lt;td colspan="3"&gt;&lt;a href="selenium-screenshot-7.png"&gt;&lt;img src="selenium-screenshot-7.png" width="800px"&gt;&lt;/a&gt;</msg>
<msg timestamp="20231222 01:38:08.362" level="FAIL">WebDriverException: Message: unknown error: net::ERR_CONNECTION_REFUSED
  (Session info: chrome=120.0.6099.111)
Stacktrace:
	GetHandleVerifier [0x00007FF614B32142+3514994]
	(No symbol) [0x00007FF614750CE2]
	(No symbol) [0x00007FF6145F76AA]
	(No symbol) [0x00007FF6145EFB39]
	(No symbol) [0x00007FF6145E25DD]
	(No symbol) [0x00007FF6145E16FD]
	(No symbol) [0x00007FF6145E0746]
	(No symbol) [0x00007FF6145E06EB]
	(No symbol) [0x00007FF6145DEE3D]
	(No symbol) [0x00007FF6145DF603]
	(No symbol) [0x00007FF6145FA0FD]
	(No symbol) [0x00007FF614682E01]
	(No symbol) [0x00007FF614665FEA]
	(No symbol) [0x00007FF6146828F6]
	(No symbol) [0x00007FF614665D93]
	(No symbol) [0x00007FF614634BDC]
	(No symbol) [0x00007FF614635C64]
	GetHandleVerifier [0x00007FF614B5E16B+3695259]
	GetHandleVerifier [0x00007FF614BB6737+4057191]
	GetHandleVerifier [0x00007FF614BAE4E3+4023827]
	GetHandleVerifier [0x00007FF6148804F9+689705]
	(No symbol) [0x00007FF61475C048]
	(No symbol) [0x00007FF614758044]
	(No symbol) [0x00007FF6147581C9]
	(No symbol) [0x00007FF6147488C4]
	BaseThreadInitThunk [0x00007FF9AA65257D+29]
	RtlUserThreadStart [0x00007FF9AC2AAA58+40]
</msg>
<status status="FAIL" starttime="20231222 01:38:04.032" endtime="20231222 01:38:08.365"/>
</kw>
<kw name="Click Element" library="SeleniumLibrary">
<arg>xpath://a[@href='/login']</arg>
<doc>Click the element identified by ``locator``.</doc>
<status status="NOT RUN" starttime="20231222 01:38:08.366" endtime="20231222 01:38:08.366"/>
</kw>
<kw name="Page Should Contain Element" library="SeleniumLibrary">
<arg>xpath://input[@name='email']</arg>
<doc>Verifies that element ``locator`` is found on the current page.</doc>
<status status="NOT RUN" starttime="20231222 01:38:08.366" endtime="20231222 01:38:08.367"/>
</kw>
<kw name="Input Text" library="SeleniumLibrary">
<arg>name:email</arg>
<arg>test@mail.com</arg>
<doc>Types the given ``text`` into the text field identified by ``locator``.</doc>
<status status="NOT RUN" starttime="20231222 01:38:08.367" endtime="20231222 01:38:08.367"/>
</kw>
<kw name="Input Text" library="SeleniumLibrary">
<arg>name:password</arg>
<arg>7uyhgt7ygu7</arg>
<doc>Types the given ``text`` into the text field identified by ``locator``.</doc>
<status status="NOT RUN" starttime="20231222 01:38:08.367" endtime="20231222 01:38:08.367"/>
</kw>
<kw name="Click Element" library="SeleniumLibrary">
<arg>xpath://button[@type='submit']</arg>
<doc>Click the element identified by ``locator``.</doc>
<status status="NOT RUN" starttime="20231222 01:38:08.369" endtime="20231222 01:38:08.369"/>
</kw>
<kw name="Page Should Not Contain Element" library="SeleniumLibrary">
<arg>xpath://span[@id='welcome']</arg>
<doc>Verifies that element ``locator`` is not found on the current page.</doc>
<status status="NOT RUN" starttime="20231222 01:38:08.370" endtime="20231222 01:38:08.370"/>
</kw>
<kw name="Close Browser" library="SeleniumLibrary">
<doc>Closes the current browser.</doc>
<status status="NOT RUN" starttime="20231222 01:38:08.370" endtime="20231222 01:38:08.370"/>
</kw>
<status status="FAIL" starttime="20231222 01:38:04.032" endtime="20231222 01:38:08.371">WebDriverException: Message: unknown error: net::ERR_CONNECTION_REFUSED
  (Session info: chrome=120.0.6099.111)
Stacktrace:
	GetHandleVerifier [0x00007FF614B32142+3514994]
	(No symbol) [0x00007FF614750CE2]
	(No symbol) [0x00007FF6145F76AA]
	(No symbol) [0x00007FF6145EFB39]
	(No symbol) [0x00007FF6145E25DD]
	(No symbol) [0x00007FF6145E16FD]
	(No symbol) [0x00007FF6145E0746]
	(No symbol) [0x00007FF6145E06EB]
	(No symbol) [0x00007FF6145DEE3D]
	(No symbol) [0x00007FF6145DF603]
	(No symbol) [0x00007FF6145FA0FD]
	(No symbol) [0x00007FF614682E01]
	(No symbol) [0x00007FF614665FEA]
	(No symbol) [0x00007FF6146828F6]
	(No symbol) [0x00007FF614665D93]
	(No symbol) [0x00007FF614634BDC]
	(No symbol) [0x00007FF614635C64]
	GetHandleVerifier [0x00007FF614B5E16B+3695259]
	GetHandleVerifier [0x00007FF614BB6737+4057191]
	GetHandleVerifier [0x00007FF614BAE4E3+4023827]
	GetHandleVerifier [0x00007FF6148804F9+689705]
	(No symbol) [0x00007FF61475C048]
	(No symbol) [0x00007FF614758044]
	(No symbol) [0x00007FF6147581C9]
	(No symbol) [0x00007FF6147488C4]
	BaseThreadInitThunk [0x00007FF9AA65257D+29]
	RtlUserThreadStart [0x00007FF9AC2AAA58+40]
</status>
</test>
<status status="FAIL" starttime="20231222 01:37:56.654" endtime="20231222 01:38:08.376"/>
</suite>
<statistics>
<total>
<stat pass="1" fail="1" skip="0">All Tests</stat>
</total>
<tag>
</tag>
<suite>
<stat pass="1" fail="1" skip="0" id="s1" name="Test-Suite">Test-Suite</stat>
</suite>
</statistics>
<errors>
</errors>
</robot>
